<?xml version="1.0" encoding="UTF-8"?>
<testng-results skipped="0" failed="0" ignored="0" total="1" passed="1">
  <reporter-output>
  </reporter-output>
  <suite name="Suite" duration-ms="45642" started-at="2019-11-13T16:20:47Z" finished-at="2019-11-13T16:21:32Z">
    <groups>
    </groups>
    <test name="LoginTest" duration-ms="45642" started-at="2019-11-13T16:20:47Z" finished-at="2019-11-13T16:21:32Z">
      <class name="tests.BookTicketTest">
        <test-method status="PASS" signature="setup()[pri:0, instance:tests.BookTicketTest@1fbc7afb]" name="setup" is-config="true" duration-ms="5602" started-at="2019-11-13T16:20:47Z" finished-at="2019-11-13T16:20:52Z">
          <reporter-output>
          </reporter-output>
        </test-method> <!-- setup -->
        <test-method status="PASS" signature="book_a_ticket()[pri:0, instance:tests.BookTicketTest@1fbc7afb]" name="book_a_ticket" duration-ms="40025" started-at="2019-11-13T16:20:52Z" finished-at="2019-11-13T16:21:32Z">
          <reporter-output>
          </reporter-output>
        </test-method> <!-- book_a_ticket -->
        <test-method status="PASS" signature="teardown()[pri:0, instance:tests.BookTicketTest@1fbc7afb]" name="teardown" is-config="true" duration-ms="1" started-at="2019-11-13T16:21:32Z" finished-at="2019-11-13T16:21:32Z">
          <reporter-output>
          </reporter-output>
        </test-method> <!-- teardown -->
      </class> <!-- tests.BookTicketTest -->
    </test> <!-- LoginTest -->
  </suite> <!-- Suite -->
</testng-results>
